<?xml version="1.0" encoding="UTF-8"?>
<!-- Generated by org.testng.reporters.JUnitReportReporter -->
<testsuite skipped="0" hostname="ADMINRG-77I9HE9" name="testapp.google.Test.NewWindow" tests="1" failures="0" timestamp="17 Mar 2019 06:55:38 GMT" time="1.507" errors="0">
  <testcase name="test1" time="1.507" classname="testapp.google.Test.NewWindow"/>
</testsuite> <!-- testapp.google.Test.NewWindow -->
