<?xml version="1.0" encoding="UTF-8"?>
<!-- Generated by org.testng.reporters.JUnitReportReporter -->
<testsuite skipped="0" hostname="ADMINRG-77I9HE9" name="testapp.google.Test.ListOfElements" tests="2" failures="0" timestamp="16 Mar 2019 07:59:13 GMT" time="16.860" errors="0">
  <testcase name="te1" time="1.803" classname="testapp.google.Test.ListOfElements"/>
  <testcase name="test1" time="15.057" classname="testapp.google.Test.ListOfElements"/>
</testsuite> <!-- testapp.google.Test.ListOfElements -->
