<?xml version="1.0" encoding="UTF-8"?>
<!-- Generated by org.testng.reporters.JUnitReportReporter -->
<testsuite hostname="ADMINRG-77I9HE9" name="testng.OrderOfExecution" tests="1" failures="0" timestamp="26 Mar 2019 01:53:51 GMT" time="0.002" errors="0">
  <testcase name="mytest2" time="0.002" classname="testng.OrderOfExecution"/>
</testsuite> <!-- testng.OrderOfExecution -->
