<?xml version="1.0" encoding="UTF-8"?>
<!-- Generated by org.testng.reporters.JUnitReportReporter -->
<testsuite skipped="0" hostname="ADMINRG-77I9HE9" name="testapp.google.Test.CheckboxTest" tests="1" failures="0" timestamp="16 Mar 2019 07:22:13 GMT" time="5.346" errors="0">
  <testcase name="test1" time="5.346" classname="testapp.google.Test.CheckboxTest"/>
</testsuite> <!-- testapp.google.Test.CheckboxTest -->
