<?xml version="1.0" encoding="UTF-8"?>
<!-- Generated by org.testng.reporters.JUnitReportReporter -->
<testsuite skipped="0" hostname="ADMINRG-77I9HE9" name="testapp.google.Test.SelectOption" tests="1" failures="0" timestamp="10 Mar 2019 07:23:38 GMT" time="5.177" errors="0">
  <testcase name="test1" time="5.177" classname="testapp.google.Test.SelectOption"/>
</testsuite> <!-- testapp.google.Test.SelectOption -->
